<?xml version="1.0" encoding="UTF-8"?>
<!-- Generated by org.testng.reporters.JUnitReportReporter -->
<testsuite skipped="0" hostname="DESKTOP-AFJ3M2K" name="com.miniproject.test.JavaScriptExecutorUsage" tests="1" failures="0" timestamp="30 May 2022 13:18:43 GMT" time="17.308" errors="0">
  <testcase name="test" time="17.308" classname="com.miniproject.test.JavaScriptExecutorUsage"/>
</testsuite> <!-- com.miniproject.test.JavaScriptExecutorUsage -->
